<?xml version="1.0" encoding="UTF-8"?>
<testng-results skipped="0" failed="0" ignored="0" total="2" passed="2">
  <reporter-output>
  </reporter-output>
  <suite name="Suite" duration-ms="18392" started-at="2019-10-21T12:39:16 IST" finished-at="2019-10-21T12:39:35 IST">
    <groups>
    </groups>
    <test name="Test" duration-ms="18392" started-at="2019-10-21T12:39:16 IST" finished-at="2019-10-21T12:39:35 IST">
      <class name="test.test1">
        <test-method status="PASS" signature="setUp()[pri:0, instance:test.test1@3cbbc1e0]" name="setUp" is-config="true" duration-ms="9760" started-at="2019-10-21T12:39:16 IST" finished-at="2019-10-21T12:39:26 IST">
          <reporter-output>
          </reporter-output>
        </test-method> <!-- setUp -->
        <test-method status="PASS" signature="verifyTitle()[pri:1, instance:test.test1@3cbbc1e0]" name="verifyTitle" duration-ms="10" started-at="2019-10-21T12:39:26 IST" finished-at="2019-10-21T12:39:26 IST">
          <reporter-output>
          </reporter-output>
        </test-method> <!-- verifyTitle -->
        <test-method status="PASS" signature="tearDown()[pri:0, instance:test.test1@3cbbc1e0]" name="tearDown" is-config="true" duration-ms="728" started-at="2019-10-21T12:39:26 IST" finished-at="2019-10-21T12:39:27 IST">
          <reporter-output>
          </reporter-output>
        </test-method> <!-- tearDown -->
        <test-method status="PASS" signature="setUp()[pri:0, instance:test.test1@3cbbc1e0]" name="setUp" is-config="true" duration-ms="7015" started-at="2019-10-21T12:39:27 IST" finished-at="2019-10-21T12:39:34 IST">
          <reporter-output>
          </reporter-output>
        </test-method> <!-- setUp -->
        <test-method status="PASS" signature="verifyPage()[pri:2, instance:test.test1@3cbbc1e0]" name="verifyPage" duration-ms="148" started-at="2019-10-21T12:39:34 IST" finished-at="2019-10-21T12:39:34 IST">
          <reporter-output>
          </reporter-output>
        </test-method> <!-- verifyPage -->
        <test-method status="PASS" signature="tearDown()[pri:0, instance:test.test1@3cbbc1e0]" name="tearDown" is-config="true" duration-ms="651" started-at="2019-10-21T12:39:34 IST" finished-at="2019-10-21T12:39:35 IST">
          <reporter-output>
          </reporter-output>
        </test-method> <!-- tearDown -->
      </class> <!-- test.test1 -->
    </test> <!-- Test -->
  </suite> <!-- Suite -->
</testng-results>
